2011/05/18 03:56:54 [error] [exception.CHttpException.404] exception 'CHttpException' with message 'Unable to resolve the request "images/novo.jpg".' in C:\wamp\www\yii\framework\web\CWebApplication.php:332
Stack trace:
#0 C:\wamp\www\yii\framework\web\CWebApplication.php(121): CWebApplication->runController('images/novo.jpg')
#1 C:\wamp\www\yii\framework\base\CApplication.php(155): CWebApplication->processRequest()
#2 C:\wamp\www\gescon\index.php(13): CApplication->run()
#3 {main} REQUEST_URI=/gescon/images/novo.jpg
2011/05/18 03:56:54 [error] [exception.CHttpException.404] exception 'CHttpException' with message 'Unable to resolve the request "images/pesquisar.jpg".' in C:\wamp\www\yii\framework\web\CWebApplication.php:332
Stack trace:
#0 C:\wamp\www\yii\framework\web\CWebApplication.php(121): CWebApplication->runController('images/pesquisa...')
#1 C:\wamp\www\yii\framework\base\CApplication.php(155): CWebApplication->processRequest()
#2 C:\wamp\www\gescon\index.php(13): CApplication->run()
#3 {main} REQUEST_URI=/gescon/images/pesquisar.jpg
2011/05/18 15:40:02 [error] [system.db.CDbCommand] CDbCommand::fetchAll() failed: SQLSTATE[42S02]: Base table or view not found: 1146 Table 'gescon.empresa' doesn't exist. The SQL statement executed was: SHOW COLUMNS FROM `empresa`.
in /opt/lampp/htdocs/gescon/protected/controllers/EmpresaController.php (140)
in /opt/lampp/htdocs/gescon/index.php (13)
2011/05/18 15:40:02 [error] [exception.CDbException] exception 'CDbException' with message 'The table "empresa" for active record class "Empresa" cannot be found in the database.' in /opt/lampp/htdocs/yii/framework/db/ar/CActiveRecord.php:2237
Stack trace:
#0 /opt/lampp/htdocs/yii/framework/db/ar/CActiveRecord.php(371): CActiveRecordMetaData->__construct(Object(Empresa))
#1 /opt/lampp/htdocs/yii/framework/db/ar/CActiveRecord.php(386): CActiveRecord::model('Empresa')
#2 /opt/lampp/htdocs/yii/framework/db/ar/CActiveRecord.php(62): CActiveRecord->getMetaData()
#3 /opt/lampp/htdocs/gescon/protected/controllers/EmpresaController.php(140): CActiveRecord->__construct('search')
#4 /opt/lampp/htdocs/yii/framework/web/actions/CInlineAction.php(50): EmpresaController->actionGerenciar()
#5 /opt/lampp/htdocs/yii/framework/web/CController.php(300): CInlineAction->runWithParams(Array)
#6 /opt/lampp/htdocs/yii/framework/web/filters/CFilterChain.php(133): CController->runAction(Object(CInlineAction))
#7 /opt/lampp/htdocs/yii/framework/web/filters/CFilter.php(41): CFilterChain->run()
#8 /opt/lampp/htdocs/yii/framework/web/CController.php(1122): CFilter->filter(Object(CFilterChain))
#9 /opt/lampp/htdocs/yii/framework/web/filters/CInlineFilter.php(59): CController->filterAccessControl(Object(CFilterChain))
#10 /opt/lampp/htdocs/yii/framework/web/filters/CFilterChain.php(130): CInlineFilter->filter(Object(CFilterChain))
#11 /opt/lampp/htdocs/yii/framework/web/CController.php(283): CFilterChain->run()
#12 /opt/lampp/htdocs/yii/framework/web/CController.php(257): CController->runActionWithFilters(Object(CInlineAction), Array)
#13 /opt/lampp/htdocs/yii/framework/web/CWebApplication.php(328): CController->run('gerenciar')
#14 /opt/lampp/htdocs/yii/framework/web/CWebApplication.php(121): CWebApplication->runController('empresa/gerenci...')
#15 /opt/lampp/htdocs/yii/framework/base/CApplication.php(155): CWebApplication->processRequest()
#16 /opt/lampp/htdocs/gescon/index.php(13): CApplication->run()
#17 {main} REQUEST_URI=/gescon/index.php/empresa/gerenciar
2011/05/18 15:41:08 [error] [system.db.CDbCommand] CDbCommand::fetchAll() failed: SQLSTATE[42S02]: Base table or view not found: 1146 Table 'gescon.telefone' doesn't exist. The SQL statement executed was: SHOW COLUMNS FROM `telefone`.
in /opt/lampp/htdocs/gescon/protected/models/Telefone.php (20)
in /opt/lampp/htdocs/gescon/protected/views/empresa/_form.php (69)
in /opt/lampp/htdocs/gescon/protected/views/empresa/novo.php (11)
2011/05/18 15:41:08 [error] [exception.CDbException] exception 'CDbException' with message 'The table "telefone" for active record class "Telefone" cannot be found in the database.' in /opt/lampp/htdocs/yii/framework/db/ar/CActiveRecord.php:2237
Stack trace:
#0 /opt/lampp/htdocs/yii/framework/db/ar/CActiveRecord.php(371): CActiveRecordMetaData->__construct(Object(Telefone))
#1 /opt/lampp/htdocs/gescon/protected/models/Telefone.php(20): CActiveRecord::model('Telefone')
#2 /opt/lampp/htdocs/gescon/protected/views/empresa/_form.php(69): Telefone::model()
#3 /opt/lampp/htdocs/yii/framework/web/CBaseController.php(119): require('/opt/lampp/htdo...')
#4 /opt/lampp/htdocs/yii/framework/web/CBaseController.php(88): CBaseController->renderInternal('/opt/lampp/htdo...', Array, true)
#5 /opt/lampp/htdocs/yii/framework/web/CController.php(866): CBaseController->renderFile('/opt/lampp/htdo...', Array, true)
#6 /opt/lampp/htdocs/gescon/protected/views/empresa/novo.php(11): CController->renderPartial('_form', Array)
#7 /opt/lampp/htdocs/yii/framework/web/CBaseController.php(119): require('/opt/lampp/htdo...')
#8 /opt/lampp/htdocs/yii/framework/web/CBaseController.php(88): CBaseController->renderInternal('/opt/lampp/htdo...', Array, true)
#9 /opt/lampp/htdocs/yii/framework/web/CController.php(866): CBaseController->renderFile('/opt/lampp/htdo...', Array, true)
#10 /opt/lampp/htdocs/yii/framework/web/CController.php(779): CController->renderPartial('novo', Array, true)
#11 /opt/lampp/htdocs/gescon/protected/controllers/EmpresaController.php(82): CController->render('novo', Array)
#12 /opt/lampp/htdocs/yii/framework/web/actions/CInlineAction.php(50): EmpresaController->actionNovo()
#13 /opt/lampp/htdocs/yii/framework/web/CController.php(300): CInlineAction->runWithParams(Array)
#14 /opt/lampp/htdocs/yii/framework/web/filters/CFilterChain.php(133): CController->runAction(Object(CInlineAction))
#15 /opt/lampp/htdocs/yii/framework/web/filters/CFilter.php(41): CFilterChain->run()
#16 /opt/lampp/htdocs/yii/framework/web/CController.php(1122): CFilter->filter(Object(CFilterChain))
#17 /opt/lampp/htdocs/yii/framework/web/filters/CInlineFilter.php(59): CController->filterAccessControl(Object(CFilterChain))
#18 /opt/lampp/htdocs/yii/framework/web/filters/CFilterChain.php(130): CInlineFilter->filter(Object(CFilterChain))
#19 /opt/lampp/htdocs/yii/framework/web/CController.php(283): CFilterChain->run()
#20 /opt/lampp/htdocs/yii/framework/web/CController.php(257): CController->runActionWithFilters(Object(CInlineAction), Array)
#21 /opt/lampp/htdocs/yii/framework/web/CWebApplication.php(328): CController->run('novo')
#22 /opt/lampp/htdocs/yii/framework/web/CWebApplication.php(121): CWebApplication->runController('empresa/novo')
#23 /opt/lampp/htdocs/yii/framework/base/CApplication.php(155): CWebApplication->processRequest()
#24 /opt/lampp/htdocs/gescon/index.php(13): CApplication->run()
#25 {main} REQUEST_URI=/gescon/index.php/empresa/novo
2011/05/18 19:54:56 [error] [exception.CHttpException.404] exception 'CHttpException' with message 'Unable to resolve the request "job/addnew".' in /opt/lampp/htdocs/yii/framework/web/CWebApplication.php:332
Stack trace:
#0 /opt/lampp/htdocs/yii/framework/web/CWebApplication.php(121): CWebApplication->runController('job/addnew')
#1 /opt/lampp/htdocs/yii/framework/base/CApplication.php(155): CWebApplication->processRequest()
#2 /opt/lampp/htdocs/gescon/index.php(13): CApplication->run()
#3 {main} REQUEST_URI=/gescon/index.php/job/addnew?render=
2011/05/18 20:00:23 [error] [exception.CHttpException.404] exception 'CHttpException' with message 'The system is unable to find the requested action "create".' in /opt/lampp/htdocs/yii/framework/web/CController.php:477
Stack trace:
#0 /opt/lampp/htdocs/yii/framework/web/CController.php(262): CController->missingAction('create')
#1 /opt/lampp/htdocs/yii/framework/web/CWebApplication.php(328): CController->run('create')
#2 /opt/lampp/htdocs/yii/framework/web/CWebApplication.php(121): CWebApplication->runController('telefone/create')
#3 /opt/lampp/htdocs/yii/framework/base/CApplication.php(155): CWebApplication->processRequest()
#4 /opt/lampp/htdocs/gescon/index.php(13): CApplication->run()
#5 {main} REQUEST_URI=/gescon/index.php/telefone/create?render=
2011/05/18 20:08:29 [error] [exception.CException] exception 'CException' with message 'EmpresaController cannot find the requested view "/telefone/novo/".' in /opt/lampp/htdocs/yii/framework/web/CController.php:875
Stack trace:
#0 /opt/lampp/htdocs/gescon/protected/views/empresa/_form.php(69): CController->renderPartial('/telefone/novo/', Array)
#1 /opt/lampp/htdocs/yii/framework/web/CBaseController.php(119): require('/opt/lampp/htdo...')
#2 /opt/lampp/htdocs/yii/framework/web/CBaseController.php(88): CBaseController->renderInternal('/opt/lampp/htdo...', Array, true)
#3 /opt/lampp/htdocs/yii/framework/web/CController.php(866): CBaseController->renderFile('/opt/lampp/htdo...', Array, true)
#4 /opt/lampp/htdocs/gescon/protected/views/empresa/novo.php(11): CController->renderPartial('_form', Array)
#5 /opt/lampp/htdocs/yii/framework/web/CBaseController.php(119): require('/opt/lampp/htdo...')
#6 /opt/lampp/htdocs/yii/framework/web/CBaseController.php(88): CBaseController->renderInternal('/opt/lampp/htdo...', Array, true)
#7 /opt/lampp/htdocs/yii/framework/web/CController.php(866): CBaseController->renderFile('/opt/lampp/htdo...', Array, true)
#8 /opt/lampp/htdocs/yii/framework/web/CController.php(779): CController->renderPartial('novo', Array, true)
#9 /opt/lampp/htdocs/gescon/protected/controllers/EmpresaController.php(82): CController->render('novo', Array)
#10 /opt/lampp/htdocs/yii/framework/web/actions/CInlineAction.php(50): EmpresaController->actionNovo()
#11 /opt/lampp/htdocs/yii/framework/web/CController.php(300): CInlineAction->runWithParams(Array)
#12 /opt/lampp/htdocs/yii/framework/web/filters/CFilterChain.php(133): CController->runAction(Object(CInlineAction))
#13 /opt/lampp/htdocs/yii/framework/web/filters/CFilter.php(41): CFilterChain->run()
#14 /opt/lampp/htdocs/yii/framework/web/CController.php(1122): CFilter->filter(Object(CFilterChain))
#15 /opt/lampp/htdocs/yii/framework/web/filters/CInlineFilter.php(59): CController->filterAccessControl(Object(CFilterChain))
#16 /opt/lampp/htdocs/yii/framework/web/filters/CFilterChain.php(130): CInlineFilter->filter(Object(CFilterChain))
#17 /opt/lampp/htdocs/yii/framework/web/CController.php(283): CFilterChain->run()
#18 /opt/lampp/htdocs/yii/framework/web/CController.php(257): CController->runActionWithFilters(Object(CInlineAction), Array)
#19 /opt/lampp/htdocs/yii/framework/web/CWebApplication.php(328): CController->run('novo')
#20 /opt/lampp/htdocs/yii/framework/web/CWebApplication.php(121): CWebApplication->runController('empresa/novo')
#21 /opt/lampp/htdocs/yii/framework/base/CApplication.php(155): CWebApplication->processRequest()
#22 /opt/lampp/htdocs/gescon/index.php(13): CApplication->run()
#23 {main} REQUEST_URI=/gescon/index.php/empresa/novo
2011/05/18 20:08:56 [error] [php] Use of undefined constant Chamados - assumed 'Chamados' (/opt/lampp/htdocs/gescon/protected/views/telefone/_form.php:32)
Stack trace:
#0 /opt/lampp/htdocs/yii/framework/web/CController.php(866): EmpresaController->renderFile()
#1 /opt/lampp/htdocs/gescon/protected/views/telefone/novo.php(11): EmpresaController->renderPartial()
#2 /opt/lampp/htdocs/yii/framework/web/CBaseController.php(119): require()
#3 /opt/lampp/htdocs/yii/framework/web/CBaseController.php(88): EmpresaController->renderInternal()
#4 /opt/lampp/htdocs/yii/framework/web/CController.php(866): EmpresaController->renderFile()
#5 /opt/lampp/htdocs/gescon/protected/views/empresa/_form.php(69): EmpresaController->renderPartial()
#6 /opt/lampp/htdocs/yii/framework/web/CBaseController.php(119): require()
#7 /opt/lampp/htdocs/yii/framework/web/CBaseController.php(88): EmpresaController->renderInternal()
#8 /opt/lampp/htdocs/yii/framework/web/CController.php(866): EmpresaController->renderFile()
#9 /opt/lampp/htdocs/gescon/protected/views/empresa/novo.php(11): EmpresaController->renderPartial()
#10 /opt/lampp/htdocs/yii/framework/web/CBaseController.php(119): require()
#11 /opt/lampp/htdocs/yii/framework/web/CBaseController.php(88): EmpresaController->renderInternal()
#12 /opt/lampp/htdocs/yii/framework/web/CController.php(866): EmpresaController->renderFile()
#13 /opt/lampp/htdocs/yii/framework/web/CController.php(779): EmpresaController->renderPartial()
#14 /opt/lampp/htdocs/gescon/protected/controllers/EmpresaController.php(82): EmpresaController->render()
#15 /opt/lampp/htdocs/yii/framework/web/actions/CInlineAction.php(50): EmpresaController->actionNovo()
#16 /opt/lampp/htdocs/yii/framework/web/CController.php(300): CInlineAction->runWithParams()
#17 /opt/lampp/htdocs/yii/framework/web/filters/CFilterChain.php(133): EmpresaController->runAction()
#18 /opt/lampp/htdocs/yii/framework/web/filters/CFilter.php(41): CFilterChain->run()
#19 /opt/lampp/htdocs/yii/framework/web/CController.php(1122): CAccessControlFilter->filter()
#20 /opt/lampp/htdocs/yii/framework/web/filters/CInlineFilter.php(59): EmpresaController->filterAccessControl()
#21 /opt/lampp/htdocs/yii/framework/web/filters/CFilterChain.php(130): CInlineFilter->filter()
#22 /opt/lampp/htdocs/yii/framework/web/CController.php(283): CFilterChain->run()
#23 /opt/lampp/htdocs/yii/framework/web/CController.php(257): EmpresaController->runActionWithFilters()
#24 /opt/lampp/htdocs/yii/framework/web/CWebApplication.php(328): EmpresaController->run()
#25 /opt/lampp/htdocs/yii/framework/web/CWebApplication.php(121): CWebApplication->runController()
#26 /opt/lampp/htdocs/yii/framework/base/CApplication.php(155): CWebApplication->processRequest()
#27 /opt/lampp/htdocs/gescon/index.php(13): CWebApplication->run()
REQUEST_URI=/gescon/index.php/empresa/novo
in /opt/lampp/htdocs/gescon/protected/views/telefone/_form.php (32)
in /opt/lampp/htdocs/gescon/protected/views/telefone/novo.php (11)
in /opt/lampp/htdocs/gescon/protected/views/empresa/_form.php (69)
2011/05/18 20:09:08 [error] [php] Undefined variable: Chamados (/opt/lampp/htdocs/gescon/protected/views/telefone/_form.php:32)
Stack trace:
#0 /opt/lampp/htdocs/yii/framework/web/CController.php(866): EmpresaController->renderFile()
#1 /opt/lampp/htdocs/gescon/protected/views/telefone/novo.php(11): EmpresaController->renderPartial()
#2 /opt/lampp/htdocs/yii/framework/web/CBaseController.php(119): require()
#3 /opt/lampp/htdocs/yii/framework/web/CBaseController.php(88): EmpresaController->renderInternal()
#4 /opt/lampp/htdocs/yii/framework/web/CController.php(866): EmpresaController->renderFile()
#5 /opt/lampp/htdocs/gescon/protected/views/empresa/_form.php(69): EmpresaController->renderPartial()
#6 /opt/lampp/htdocs/yii/framework/web/CBaseController.php(119): require()
#7 /opt/lampp/htdocs/yii/framework/web/CBaseController.php(88): EmpresaController->renderInternal()
#8 /opt/lampp/htdocs/yii/framework/web/CController.php(866): EmpresaController->renderFile()
#9 /opt/lampp/htdocs/gescon/protected/views/empresa/novo.php(11): EmpresaController->renderPartial()
#10 /opt/lampp/htdocs/yii/framework/web/CBaseController.php(119): require()
#11 /opt/lampp/htdocs/yii/framework/web/CBaseController.php(88): EmpresaController->renderInternal()
#12 /opt/lampp/htdocs/yii/framework/web/CController.php(866): EmpresaController->renderFile()
#13 /opt/lampp/htdocs/yii/framework/web/CController.php(779): EmpresaController->renderPartial()
#14 /opt/lampp/htdocs/gescon/protected/controllers/EmpresaController.php(82): EmpresaController->render()
#15 /opt/lampp/htdocs/yii/framework/web/actions/CInlineAction.php(50): EmpresaController->actionNovo()
#16 /opt/lampp/htdocs/yii/framework/web/CController.php(300): CInlineAction->runWithParams()
#17 /opt/lampp/htdocs/yii/framework/web/filters/CFilterChain.php(133): EmpresaController->runAction()
#18 /opt/lampp/htdocs/yii/framework/web/filters/CFilter.php(41): CFilterChain->run()
#19 /opt/lampp/htdocs/yii/framework/web/CController.php(1122): CAccessControlFilter->filter()
#20 /opt/lampp/htdocs/yii/framework/web/filters/CInlineFilter.php(59): EmpresaController->filterAccessControl()
#21 /opt/lampp/htdocs/yii/framework/web/filters/CFilterChain.php(130): CInlineFilter->filter()
#22 /opt/lampp/htdocs/yii/framework/web/CController.php(283): CFilterChain->run()
#23 /opt/lampp/htdocs/yii/framework/web/CController.php(257): EmpresaController->runActionWithFilters()
#24 /opt/lampp/htdocs/yii/framework/web/CWebApplication.php(328): EmpresaController->run()
#25 /opt/lampp/htdocs/yii/framework/web/CWebApplication.php(121): CWebApplication->runController()
#26 /opt/lampp/htdocs/yii/framework/base/CApplication.php(155): CWebApplication->processRequest()
#27 /opt/lampp/htdocs/gescon/index.php(13): CWebApplication->run()
REQUEST_URI=/gescon/index.php/empresa/novo
in /opt/lampp/htdocs/gescon/protected/views/telefone/_form.php (32)
in /opt/lampp/htdocs/gescon/protected/views/telefone/novo.php (11)
in /opt/lampp/htdocs/gescon/protected/views/empresa/_form.php (69)
2011/05/18 20:27:19 [error] [exception.CHttpException.404] exception 'CHttpException' with message 'The system is unable to find the requested action "view".' in /opt/lampp/htdocs/yii/framework/web/CController.php:477
Stack trace:
#0 /opt/lampp/htdocs/yii/framework/web/CController.php(262): CController->missingAction('view')
#1 /opt/lampp/htdocs/yii/framework/web/CWebApplication.php(328): CController->run('view')
#2 /opt/lampp/htdocs/yii/framework/web/CWebApplication.php(121): CWebApplication->runController('telefone/view')
#3 /opt/lampp/htdocs/yii/framework/base/CApplication.php(155): CWebApplication->processRequest()
#4 /opt/lampp/htdocs/gescon/index.php(13): CApplication->run()
#5 {main} REQUEST_URI=/gescon/index.php/telefone/1
2011/05/18 20:27:20 [error] [exception.CHttpException.404] exception 'CHttpException' with message 'The system is unable to find the requested action "view".' in /opt/lampp/htdocs/yii/framework/web/CController.php:477
Stack trace:
#0 /opt/lampp/htdocs/yii/framework/web/CController.php(262): CController->missingAction('view')
#1 /opt/lampp/htdocs/yii/framework/web/CWebApplication.php(328): CController->run('view')
#2 /opt/lampp/htdocs/yii/framework/web/CWebApplication.php(121): CWebApplication->runController('telefone/view')
#3 /opt/lampp/htdocs/yii/framework/base/CApplication.php(155): CWebApplication->processRequest()
#4 /opt/lampp/htdocs/gescon/index.php(13): CApplication->run()
#5 {main} REQUEST_URI=/gescon/index.php/telefone/2
2011/05/18 20:27:24 [error] [exception.CHttpException.404] exception 'CHttpException' with message 'The system is unable to find the requested action "view".' in /opt/lampp/htdocs/yii/framework/web/CController.php:477
Stack trace:
#0 /opt/lampp/htdocs/yii/framework/web/CController.php(262): CController->missingAction('view')
#1 /opt/lampp/htdocs/yii/framework/web/CWebApplication.php(328): CController->run('view')
#2 /opt/lampp/htdocs/yii/framework/web/CWebApplication.php(121): CWebApplication->runController('telefone/view')
#3 /opt/lampp/htdocs/yii/framework/base/CApplication.php(155): CWebApplication->processRequest()
#4 /opt/lampp/htdocs/gescon/index.php(13): CApplication->run()
#5 {main} REQUEST_URI=/gescon/index.php/telefone/3
2011/05/18 20:27:24 [error] [exception.CHttpException.404] exception 'CHttpException' with message 'The system is unable to find the requested action "view".' in /opt/lampp/htdocs/yii/framework/web/CController.php:477
Stack trace:
#0 /opt/lampp/htdocs/yii/framework/web/CController.php(262): CController->missingAction('view')
#1 /opt/lampp/htdocs/yii/framework/web/CWebApplication.php(328): CController->run('view')
#2 /opt/lampp/htdocs/yii/framework/web/CWebApplication.php(121): CWebApplication->runController('telefone/view')
#3 /opt/lampp/htdocs/yii/framework/base/CApplication.php(155): CWebApplication->processRequest()
#4 /opt/lampp/htdocs/gescon/index.php(13): CApplication->run()
#5 {main} REQUEST_URI=/gescon/index.php/telefone/4
2011/05/19 15:25:25 [error] [exception.CHttpException.404] exception 'CHttpException' with message 'The system is unable to find the requested action "blank.gif".' in /opt/lampp/htdocs/yii/framework/web/CController.php:477
Stack trace:
#0 /opt/lampp/htdocs/yii/framework/web/CController.php(262): CController->missingAction('blank.gif')
#1 /opt/lampp/htdocs/yii/framework/web/CWebApplication.php(328): CController->run('blank.gif')
#2 /opt/lampp/htdocs/yii/framework/web/CWebApplication.php(121): CWebApplication->runController('empresa/blank.g...')
#3 /opt/lampp/htdocs/yii/framework/base/CApplication.php(155): CWebApplication->processRequest()
#4 /opt/lampp/htdocs/gescon/index.php(13): CApplication->run()
#5 {main} REQUEST_URI=/gescon/index.php/empresa/blank.gif
2011/05/19 15:25:44 [error] [exception.CHttpException.404] exception 'CHttpException' with message 'The system is unable to find the requested action "blank.gif".' in /opt/lampp/htdocs/yii/framework/web/CController.php:477
Stack trace:
#0 /opt/lampp/htdocs/yii/framework/web/CController.php(262): CController->missingAction('blank.gif')
#1 /opt/lampp/htdocs/yii/framework/web/CWebApplication.php(328): CController->run('blank.gif')
#2 /opt/lampp/htdocs/yii/framework/web/CWebApplication.php(121): CWebApplication->runController('empresa/blank.g...')
#3 /opt/lampp/htdocs/yii/framework/base/CApplication.php(155): CWebApplication->processRequest()
#4 /opt/lampp/htdocs/gescon/index.php(13): CApplication->run()
#5 {main} REQUEST_URI=/gescon/index.php/empresa/blank.gif
2011/05/19 15:26:14 [error] [exception.CHttpException.404] exception 'CHttpException' with message 'The system is unable to find the requested action "blank.gif".' in /opt/lampp/htdocs/yii/framework/web/CController.php:477
Stack trace:
#0 /opt/lampp/htdocs/yii/framework/web/CController.php(262): CController->missingAction('blank.gif')
#1 /opt/lampp/htdocs/yii/framework/web/CWebApplication.php(328): CController->run('blank.gif')
#2 /opt/lampp/htdocs/yii/framework/web/CWebApplication.php(121): CWebApplication->runController('empresa/blank.g...')
#3 /opt/lampp/htdocs/yii/framework/base/CApplication.php(155): CWebApplication->processRequest()
#4 /opt/lampp/htdocs/gescon/index.php(13): CApplication->run()
#5 {main} REQUEST_URI=/gescon/index.php/empresa/blank.gif
2011/05/19 15:28:07 [error] [exception.CHttpException.404] exception 'CHttpException' with message 'The system is unable to find the requested action "blank.gif".' in /opt/lampp/htdocs/yii/framework/web/CController.php:477
Stack trace:
#0 /opt/lampp/htdocs/yii/framework/web/CController.php(262): CController->missingAction('blank.gif')
#1 /opt/lampp/htdocs/yii/framework/web/CWebApplication.php(328): CController->run('blank.gif')
#2 /opt/lampp/htdocs/yii/framework/web/CWebApplication.php(121): CWebApplication->runController('empresa/blank.g...')
#3 /opt/lampp/htdocs/yii/framework/base/CApplication.php(155): CWebApplication->processRequest()
#4 /opt/lampp/htdocs/gescon/index.php(13): CApplication->run()
#5 {main} REQUEST_URI=/gescon/index.php/empresa/blank.gif
2011/05/19 16:43:44 [error] [exception.CException] exception 'CException' with message 'Alias "application.extensions.emailvalidator.EEmailValidator" is invalid. Make sure it points to an existing PHP file.' in /opt/lampp/htdocs/yii/framework/YiiBase.php:311
Stack trace:
#0 /opt/lampp/htdocs/yii/framework/validators/CValidator.php(166): YiiBase::import('application.ext...', true)
#1 /opt/lampp/htdocs/yii/framework/base/CModel.php(283): CValidator::createValidator('application.ext...', Object(Empresa), 'emp_email', Array)
#2 /opt/lampp/htdocs/yii/framework/base/CModel.php(257): CModel->createValidators()
#3 /opt/lampp/htdocs/yii/framework/base/CModel.php(548): CModel->getValidators()
#4 /opt/lampp/htdocs/yii/framework/base/CModel.php(467): CModel->getSafeAttributeNames()
#5 /opt/lampp/htdocs/yii/framework/base/CComponent.php(152): CModel->setAttributes(Array)
#6 /opt/lampp/htdocs/yii/framework/db/ar/CActiveRecord.php(144): CComponent->__set('attributes', Array)
#7 /opt/lampp/htdocs/gescon/protected/controllers/EmpresaController.php(75): CActiveRecord->__set('attributes', Array)
#8 /opt/lampp/htdocs/yii/framework/web/actions/CInlineAction.php(50): EmpresaController->actionNovo()
#9 /opt/lampp/htdocs/yii/framework/web/CController.php(300): CInlineAction->runWithParams(Array)
#10 /opt/lampp/htdocs/yii/framework/web/filters/CFilterChain.php(133): CController->runAction(Object(CInlineAction))
#11 /opt/lampp/htdocs/yii/framework/web/filters/CFilter.php(41): CFilterChain->run()
#12 /opt/lampp/htdocs/yii/framework/web/CController.php(1122): CFilter->filter(Object(CFilterChain))
#13 /opt/lampp/htdocs/yii/framework/web/filters/CInlineFilter.php(59): CController->filterAccessControl(Object(CFilterChain))
#14 /opt/lampp/htdocs/yii/framework/web/filters/CFilterChain.php(130): CInlineFilter->filter(Object(CFilterChain))
#15 /opt/lampp/htdocs/yii/framework/web/CController.php(283): CFilterChain->run()
#16 /opt/lampp/htdocs/yii/framework/web/CController.php(257): CController->runActionWithFilters(Object(CInlineAction), Array)
#17 /opt/lampp/htdocs/yii/framework/web/CWebApplication.php(328): CController->run('novo')
#18 /opt/lampp/htdocs/yii/framework/web/CWebApplication.php(121): CWebApplication->runController('empresa/novo')
#19 /opt/lampp/htdocs/yii/framework/base/CApplication.php(155): CWebApplication->processRequest()
#20 /opt/lampp/htdocs/gescon/index.php(13): CApplication->run()
#21 {main} REQUEST_URI=/gescon/index.php/empresa/novo
2011/05/19 16:44:48 [error] [exception.CException] exception 'CException' with message 'Alias "application.extensions.emailvalidator.EEmailValidator" is invalid. Make sure it points to an existing PHP file.' in /opt/lampp/htdocs/yii/framework/YiiBase.php:311
Stack trace:
#0 /opt/lampp/htdocs/yii/framework/validators/CValidator.php(166): YiiBase::import('application.ext...', true)
#1 /opt/lampp/htdocs/yii/framework/base/CModel.php(283): CValidator::createValidator('application.ext...', Object(Empresa), 'emp_email', Array)
#2 /opt/lampp/htdocs/yii/framework/base/CModel.php(257): CModel->createValidators()
#3 /opt/lampp/htdocs/yii/framework/base/CModel.php(548): CModel->getValidators()
#4 /opt/lampp/htdocs/yii/framework/base/CModel.php(467): CModel->getSafeAttributeNames()
#5 /opt/lampp/htdocs/yii/framework/base/CComponent.php(152): CModel->setAttributes(Array)
#6 /opt/lampp/htdocs/yii/framework/db/ar/CActiveRecord.php(144): CComponent->__set('attributes', Array)
#7 /opt/lampp/htdocs/gescon/protected/controllers/EmpresaController.php(75): CActiveRecord->__set('attributes', Array)
#8 /opt/lampp/htdocs/yii/framework/web/actions/CInlineAction.php(50): EmpresaController->actionNovo()
#9 /opt/lampp/htdocs/yii/framework/web/CController.php(300): CInlineAction->runWithParams(Array)
#10 /opt/lampp/htdocs/yii/framework/web/filters/CFilterChain.php(133): CController->runAction(Object(CInlineAction))
#11 /opt/lampp/htdocs/yii/framework/web/filters/CFilter.php(41): CFilterChain->run()
#12 /opt/lampp/htdocs/yii/framework/web/CController.php(1122): CFilter->filter(Object(CFilterChain))
#13 /opt/lampp/htdocs/yii/framework/web/filters/CInlineFilter.php(59): CController->filterAccessControl(Object(CFilterChain))
#14 /opt/lampp/htdocs/yii/framework/web/filters/CFilterChain.php(130): CInlineFilter->filter(Object(CFilterChain))
#15 /opt/lampp/htdocs/yii/framework/web/CController.php(283): CFilterChain->run()
#16 /opt/lampp/htdocs/yii/framework/web/CController.php(257): CController->runActionWithFilters(Object(CInlineAction), Array)
#17 /opt/lampp/htdocs/yii/framework/web/CWebApplication.php(328): CController->run('novo')
#18 /opt/lampp/htdocs/yii/framework/web/CWebApplication.php(121): CWebApplication->runController('empresa/novo')
#19 /opt/lampp/htdocs/yii/framework/base/CApplication.php(155): CWebApplication->processRequest()
#20 /opt/lampp/htdocs/gescon/index.php(13): CApplication->run()
#21 {main} REQUEST_URI=/gescon/index.php/empresa/novo
2011/05/19 16:44:53 [error] [exception.CException] exception 'CException' with message 'Alias "application.extensions.emailvalidator.EEmailValidator" is invalid. Make sure it points to an existing PHP file.' in /opt/lampp/htdocs/yii/framework/YiiBase.php:311
Stack trace:
#0 /opt/lampp/htdocs/yii/framework/validators/CValidator.php(166): YiiBase::import('application.ext...', true)
#1 /opt/lampp/htdocs/yii/framework/base/CModel.php(283): CValidator::createValidator('application.ext...', Object(Empresa), 'emp_email', Array)
#2 /opt/lampp/htdocs/yii/framework/base/CModel.php(257): CModel->createValidators()
#3 /opt/lampp/htdocs/yii/framework/base/CModel.php(301): CModel->getValidators('emp_nome')
#4 /opt/lampp/htdocs/yii/framework/web/helpers/CHtml.php(1166): CModel->isAttributeRequired('emp_nome')
#5 /opt/lampp/htdocs/yii/framework/web/widgets/CActiveForm.php(552): CHtml::activeLabelEx(Object(Empresa), 'emp_nome', Array)
#6 /opt/lampp/htdocs/gescon/protected/views/empresa/_form.php(13): CActiveForm->labelEx(Object(Empresa), 'emp_nome')
#7 /opt/lampp/htdocs/yii/framework/web/CBaseController.php(119): require('/opt/lampp/htdo...')
#8 /opt/lampp/htdocs/yii/framework/web/CBaseController.php(88): CBaseController->renderInternal('/opt/lampp/htdo...', Array, true)
#9 /opt/lampp/htdocs/yii/framework/web/CController.php(866): CBaseController->renderFile('/opt/lampp/htdo...', Array, true)
#10 /opt/lampp/htdocs/gescon/protected/views/empresa/novo.php(11): CController->renderPartial('_form', Array)
#11 /opt/lampp/htdocs/yii/framework/web/CBaseController.php(119): require('/opt/lampp/htdo...')
#12 /opt/lampp/htdocs/yii/framework/web/CBaseController.php(88): CBaseController->renderInternal('/opt/lampp/htdo...', Array, true)
#13 /opt/lampp/htdocs/yii/framework/web/CController.php(866): CBaseController->renderFile('/opt/lampp/htdo...', Array, true)
#14 /opt/lampp/htdocs/yii/framework/web/CController.php(779): CController->renderPartial('novo', Array, true)
#15 /opt/lampp/htdocs/gescon/protected/controllers/EmpresaController.php(84): CController->render('novo', Array)
#16 /opt/lampp/htdocs/yii/framework/web/actions/CInlineAction.php(50): EmpresaController->actionNovo()
#17 /opt/lampp/htdocs/yii/framework/web/CController.php(300): CInlineAction->runWithParams(Array)
#18 /opt/lampp/htdocs/yii/framework/web/filters/CFilterChain.php(133): CController->runAction(Object(CInlineAction))
#19 /opt/lampp/htdocs/yii/framework/web/filters/CFilter.php(41): CFilterChain->run()
#20 /opt/lampp/htdocs/yii/framework/web/CController.php(1122): CFilter->filter(Object(CFilterChain))
#21 /opt/lampp/htdocs/yii/framework/web/filters/CInlineFilter.php(59): CController->filterAccessControl(Object(CFilterChain))
#22 /opt/lampp/htdocs/yii/framework/web/filters/CFilterChain.php(130): CInlineFilter->filter(Object(CFilterChain))
#23 /opt/lampp/htdocs/yii/framework/web/CController.php(283): CFilterChain->run()
#24 /opt/lampp/htdocs/yii/framework/web/CController.php(257): CController->runActionWithFilters(Object(CInlineAction), Array)
#25 /opt/lampp/htdocs/yii/framework/web/CWebApplication.php(328): CController->run('novo')
#26 /opt/lampp/htdocs/yii/framework/web/CWebApplication.php(121): CWebApplication->runController('empresa/novo')
#27 /opt/lampp/htdocs/yii/framework/base/CApplication.php(155): CWebApplication->processRequest()
#28 /opt/lampp/htdocs/gescon/index.php(13): CApplication->run()
#29 {main} REQUEST_URI=/gescon/index.php/empresa/novo
2011/05/19 16:46:28 [error] [php] Function ereg() is deprecated (/opt/lampp/htdocs/gescon/protected/extensions/emailvalidator/emailvalidation/email_validation.php:162)
Stack trace:
#0 /opt/lampp/htdocs/yii/framework/validators/CValidator.php(192): EEmailValidator->validateAttribute()
#1 /opt/lampp/htdocs/yii/framework/base/CModel.php(152): EEmailValidator->validate()
#2 /opt/lampp/htdocs/yii/framework/db/ar/CActiveRecord.php(778): Empresa->validate()
#3 /opt/lampp/htdocs/gescon/protected/controllers/EmpresaController.php(78): Empresa->save()
#4 /opt/lampp/htdocs/yii/framework/web/actions/CInlineAction.php(50): EmpresaController->actionNovo()
#5 /opt/lampp/htdocs/yii/framework/web/CController.php(300): CInlineAction->runWithParams()
#6 /opt/lampp/htdocs/yii/framework/web/filters/CFilterChain.php(133): EmpresaController->runAction()
#7 /opt/lampp/htdocs/yii/framework/web/filters/CFilter.php(41): CFilterChain->run()
#8 /opt/lampp/htdocs/yii/framework/web/CController.php(1122): CAccessControlFilter->filter()
#9 /opt/lampp/htdocs/yii/framework/web/filters/CInlineFilter.php(59): EmpresaController->filterAccessControl()
#10 /opt/lampp/htdocs/yii/framework/web/filters/CFilterChain.php(130): CInlineFilter->filter()
#11 /opt/lampp/htdocs/yii/framework/web/CController.php(283): CFilterChain->run()
#12 /opt/lampp/htdocs/yii/framework/web/CController.php(257): EmpresaController->runActionWithFilters()
#13 /opt/lampp/htdocs/yii/framework/web/CWebApplication.php(328): EmpresaController->run()
#14 /opt/lampp/htdocs/yii/framework/web/CWebApplication.php(121): CWebApplication->runController()
#15 /opt/lampp/htdocs/yii/framework/base/CApplication.php(155): CWebApplication->processRequest()
#16 /opt/lampp/htdocs/gescon/index.php(13): CWebApplication->run()
REQUEST_URI=/gescon/index.php/empresa/novo
in /opt/lampp/htdocs/gescon/protected/extensions/emailvalidator/emailvalidation/email_validation.php (162)
in /opt/lampp/htdocs/gescon/protected/extensions/emailvalidator/EEmailValidator.php (138)
in /opt/lampp/htdocs/gescon/protected/controllers/EmpresaController.php (78)
2011/05/19 16:48:17 [error] [php] Function ereg() is deprecated (/opt/lampp/htdocs/gescon/protected/extensions/emailvalidator/emailvalidation/email_validation.php:162)
Stack trace:
#0 /opt/lampp/htdocs/yii/framework/validators/CValidator.php(192): EEmailValidator->validateAttribute()
#1 /opt/lampp/htdocs/yii/framework/base/CModel.php(152): EEmailValidator->validate()
#2 /opt/lampp/htdocs/yii/framework/db/ar/CActiveRecord.php(778): Empresa->validate()
#3 /opt/lampp/htdocs/gescon/protected/controllers/EmpresaController.php(78): Empresa->save()
#4 /opt/lampp/htdocs/yii/framework/web/actions/CInlineAction.php(50): EmpresaController->actionNovo()
#5 /opt/lampp/htdocs/yii/framework/web/CController.php(300): CInlineAction->runWithParams()
#6 /opt/lampp/htdocs/yii/framework/web/filters/CFilterChain.php(133): EmpresaController->runAction()
#7 /opt/lampp/htdocs/yii/framework/web/filters/CFilter.php(41): CFilterChain->run()
#8 /opt/lampp/htdocs/yii/framework/web/CController.php(1122): CAccessControlFilter->filter()
#9 /opt/lampp/htdocs/yii/framework/web/filters/CInlineFilter.php(59): EmpresaController->filterAccessControl()
#10 /opt/lampp/htdocs/yii/framework/web/filters/CFilterChain.php(130): CInlineFilter->filter()
#11 /opt/lampp/htdocs/yii/framework/web/CController.php(283): CFilterChain->run()
#12 /opt/lampp/htdocs/yii/framework/web/CController.php(257): EmpresaController->runActionWithFilters()
#13 /opt/lampp/htdocs/yii/framework/web/CWebApplication.php(328): EmpresaController->run()
#14 /opt/lampp/htdocs/yii/framework/web/CWebApplication.php(121): CWebApplication->runController()
#15 /opt/lampp/htdocs/yii/framework/base/CApplication.php(155): CWebApplication->processRequest()
#16 /opt/lampp/htdocs/gescon/index.php(13): CWebApplication->run()
REQUEST_URI=/gescon/index.php/empresa/novo
in /opt/lampp/htdocs/gescon/protected/extensions/emailvalidator/emailvalidation/email_validation.php (162)
in /opt/lampp/htdocs/gescon/protected/extensions/emailvalidator/EEmailValidator.php (138)
in /opt/lampp/htdocs/gescon/protected/controllers/EmpresaController.php (78)
2011/05/19 16:50:42 [error] [php] preg_match() [<a href='function.preg-match'>function.preg-match</a>]: No ending delimiter '^' found (/opt/lampp/htdocs/gescon/protected/extensions/emailvalidator/emailvalidation/email_validation.php:162)
Stack trace:
#0 /opt/lampp/htdocs/yii/framework/validators/CValidator.php(192): EEmailValidator->validateAttribute()
#1 /opt/lampp/htdocs/yii/framework/base/CModel.php(152): EEmailValidator->validate()
#2 /opt/lampp/htdocs/yii/framework/db/ar/CActiveRecord.php(778): Empresa->validate()
#3 /opt/lampp/htdocs/gescon/protected/controllers/EmpresaController.php(78): Empresa->save()
#4 /opt/lampp/htdocs/yii/framework/web/actions/CInlineAction.php(50): EmpresaController->actionNovo()
#5 /opt/lampp/htdocs/yii/framework/web/CController.php(300): CInlineAction->runWithParams()
#6 /opt/lampp/htdocs/yii/framework/web/filters/CFilterChain.php(133): EmpresaController->runAction()
#7 /opt/lampp/htdocs/yii/framework/web/filters/CFilter.php(41): CFilterChain->run()
#8 /opt/lampp/htdocs/yii/framework/web/CController.php(1122): CAccessControlFilter->filter()
#9 /opt/lampp/htdocs/yii/framework/web/filters/CInlineFilter.php(59): EmpresaController->filterAccessControl()
#10 /opt/lampp/htdocs/yii/framework/web/filters/CFilterChain.php(130): CInlineFilter->filter()
#11 /opt/lampp/htdocs/yii/framework/web/CController.php(283): CFilterChain->run()
#12 /opt/lampp/htdocs/yii/framework/web/CController.php(257): EmpresaController->runActionWithFilters()
#13 /opt/lampp/htdocs/yii/framework/web/CWebApplication.php(328): EmpresaController->run()
#14 /opt/lampp/htdocs/yii/framework/web/CWebApplication.php(121): CWebApplication->runController()
#15 /opt/lampp/htdocs/yii/framework/base/CApplication.php(155): CWebApplication->processRequest()
#16 /opt/lampp/htdocs/gescon/index.php(13): CWebApplication->run()
REQUEST_URI=/gescon/index.php/empresa/novo
in /opt/lampp/htdocs/gescon/protected/extensions/emailvalidator/emailvalidation/email_validation.php (162)
in /opt/lampp/htdocs/gescon/protected/extensions/emailvalidator/EEmailValidator.php (138)
in /opt/lampp/htdocs/gescon/protected/controllers/EmpresaController.php (78)
2011/05/19 17:12:07 [error] [exception.CException] exception 'CException' with message 'Property "Empresa.emp_cpf_majoritario" is not defined.' in /opt/lampp/htdocs/yii/framework/base/CComponent.php:131
Stack trace:
#0 /opt/lampp/htdocs/yii/framework/db/ar/CActiveRecord.php(128): CComponent->__get('emp_cpf_majorit...')
#1 /opt/lampp/htdocs/gescon/protected/extensions/validadores/cpf.php(25): CActiveRecord->__get('emp_cpf_majorit...')
#2 /opt/lampp/htdocs/yii/framework/validators/CValidator.php(192): cpf->validateAttribute(Object(Empresa), 'emp_cpf_majorit...')
#3 /opt/lampp/htdocs/yii/framework/base/CModel.php(152): CValidator->validate(Object(Empresa), NULL)
#4 /opt/lampp/htdocs/yii/framework/db/ar/CActiveRecord.php(778): CModel->validate(NULL)
#5 /opt/lampp/htdocs/gescon/protected/controllers/EmpresaController.php(78): CActiveRecord->save()
#6 /opt/lampp/htdocs/yii/framework/web/actions/CInlineAction.php(50): EmpresaController->actionNovo()
#7 /opt/lampp/htdocs/yii/framework/web/CController.php(300): CInlineAction->runWithParams(Array)
#8 /opt/lampp/htdocs/yii/framework/web/filters/CFilterChain.php(133): CController->runAction(Object(CInlineAction))
#9 /opt/lampp/htdocs/yii/framework/web/filters/CFilter.php(41): CFilterChain->run()
#10 /opt/lampp/htdocs/yii/framework/web/CController.php(1122): CFilter->filter(Object(CFilterChain))
#11 /opt/lampp/htdocs/yii/framework/web/filters/CInlineFilter.php(59): CController->filterAccessControl(Object(CFilterChain))
#12 /opt/lampp/htdocs/yii/framework/web/filters/CFilterChain.php(130): CInlineFilter->filter(Object(CFilterChain))
#13 /opt/lampp/htdocs/yii/framework/web/CController.php(283): CFilterChain->run()
#14 /opt/lampp/htdocs/yii/framework/web/CController.php(257): CController->runActionWithFilters(Object(CInlineAction), Array)
#15 /opt/lampp/htdocs/yii/framework/web/CWebApplication.php(328): CController->run('novo')
#16 /opt/lampp/htdocs/yii/framework/web/CWebApplication.php(121): CWebApplication->runController('empresa/novo')
#17 /opt/lampp/htdocs/yii/framework/base/CApplication.php(155): CWebApplication->processRequest()
#18 /opt/lampp/htdocs/gescon/index.php(13): CApplication->run()
#19 {main} REQUEST_URI=/gescon/index.php/empresa/novo
2011/05/19 17:35:57 [error] [exception.CException] exception 'CException' with message 'Property "Empresa.cpf" is not defined.' in /opt/lampp/htdocs/yii/framework/base/CComponent.php:131
Stack trace:
#0 /opt/lampp/htdocs/yii/framework/db/ar/CActiveRecord.php(128): CComponent->__get('cpf')
#1 /opt/lampp/htdocs/gescon/protected/controllers/EmpresaController.php(77): CActiveRecord->__get('cpf')
#2 /opt/lampp/htdocs/yii/framework/web/actions/CInlineAction.php(50): EmpresaController->actionNovo()
#3 /opt/lampp/htdocs/yii/framework/web/CController.php(300): CInlineAction->runWithParams(Array)
#4 /opt/lampp/htdocs/yii/framework/web/filters/CFilterChain.php(133): CController->runAction(Object(CInlineAction))
#5 /opt/lampp/htdocs/yii/framework/web/filters/CFilter.php(41): CFilterChain->run()
#6 /opt/lampp/htdocs/yii/framework/web/CController.php(1122): CFilter->filter(Object(CFilterChain))
#7 /opt/lampp/htdocs/yii/framework/web/filters/CInlineFilter.php(59): CController->filterAccessControl(Object(CFilterChain))
#8 /opt/lampp/htdocs/yii/framework/web/filters/CFilterChain.php(130): CInlineFilter->filter(Object(CFilterChain))
#9 /opt/lampp/htdocs/yii/framework/web/CController.php(283): CFilterChain->run()
#10 /opt/lampp/htdocs/yii/framework/web/CController.php(257): CController->runActionWithFilters(Object(CInlineAction), Array)
#11 /opt/lampp/htdocs/yii/framework/web/CWebApplication.php(328): CController->run('novo')
#12 /opt/lampp/htdocs/yii/framework/web/CWebApplication.php(121): CWebApplication->runController('empresa/novo')
#13 /opt/lampp/htdocs/yii/framework/base/CApplication.php(155): CWebApplication->processRequest()
#14 /opt/lampp/htdocs/gescon/index.php(13): CApplication->run()
#15 {main} REQUEST_URI=/gescon/index.php/empresa/novo
2011/05/19 17:36:20 [error] [exception.CException] exception 'CException' with message 'Property "Empresa.cpf_socio_majoritario" is not defined.' in /opt/lampp/htdocs/yii/framework/base/CComponent.php:131
Stack trace:
#0 /opt/lampp/htdocs/yii/framework/db/ar/CActiveRecord.php(128): CComponent->__get('cpf_socio_major...')
#1 /opt/lampp/htdocs/gescon/protected/controllers/EmpresaController.php(77): CActiveRecord->__get('cpf_socio_major...')
#2 /opt/lampp/htdocs/yii/framework/web/actions/CInlineAction.php(50): EmpresaController->actionNovo()
#3 /opt/lampp/htdocs/yii/framework/web/CController.php(300): CInlineAction->runWithParams(Array)
#4 /opt/lampp/htdocs/yii/framework/web/filters/CFilterChain.php(133): CController->runAction(Object(CInlineAction))
#5 /opt/lampp/htdocs/yii/framework/web/filters/CFilter.php(41): CFilterChain->run()
#6 /opt/lampp/htdocs/yii/framework/web/CController.php(1122): CFilter->filter(Object(CFilterChain))
#7 /opt/lampp/htdocs/yii/framework/web/filters/CInlineFilter.php(59): CController->filterAccessControl(Object(CFilterChain))
#8 /opt/lampp/htdocs/yii/framework/web/filters/CFilterChain.php(130): CInlineFilter->filter(Object(CFilterChain))
#9 /opt/lampp/htdocs/yii/framework/web/CController.php(283): CFilterChain->run()
#10 /opt/lampp/htdocs/yii/framework/web/CController.php(257): CController->runActionWithFilters(Object(CInlineAction), Array)
#11 /opt/lampp/htdocs/yii/framework/web/CWebApplication.php(328): CController->run('novo')
#12 /opt/lampp/htdocs/yii/framework/web/CWebApplication.php(121): CWebApplication->runController('empresa/novo')
#13 /opt/lampp/htdocs/yii/framework/base/CApplication.php(155): CWebApplication->processRequest()
#14 /opt/lampp/htdocs/gescon/index.php(13): CApplication->run()
#15 {main} REQUEST_URI=/gescon/index.php/empresa/novo
2011/05/19 19:29:52 [error] [exception.CHttpException.404] exception 'CHttpException' with message 'The system is unable to find the requested action "view".' in /opt/lampp/htdocs/yii/framework/web/CController.php:477
Stack trace:
#0 /opt/lampp/htdocs/yii/framework/web/CController.php(262): CController->missingAction('view')
#1 /opt/lampp/htdocs/yii/framework/web/CWebApplication.php(328): CController->run('view')
#2 /opt/lampp/htdocs/yii/framework/web/CWebApplication.php(121): CWebApplication->runController('empresa/view')
#3 /opt/lampp/htdocs/yii/framework/base/CApplication.php(155): CWebApplication->processRequest()
#4 /opt/lampp/htdocs/gescon/index.php(13): CApplication->run()
#5 {main} REQUEST_URI=/gescon/index.php/empresa/1
2011/05/19 19:34:51 [error] [php] Function ereg() is deprecated (/opt/lampp/htdocs/gescon/protected/extensions/validadores/email.php:52)
Stack trace:
#0 /opt/lampp/htdocs/yii/framework/validators/CValidator.php(192): email->validateAttribute()
#1 /opt/lampp/htdocs/yii/framework/base/CModel.php(152): email->validate()
#2 /opt/lampp/htdocs/yii/framework/db/ar/CActiveRecord.php(778): Empresa->validate()
#3 /opt/lampp/htdocs/gescon/protected/controllers/EmpresaController.php(78): Empresa->save()
#4 /opt/lampp/htdocs/yii/framework/web/actions/CInlineAction.php(50): EmpresaController->actionNovo()
#5 /opt/lampp/htdocs/yii/framework/web/CController.php(300): CInlineAction->runWithParams()
#6 /opt/lampp/htdocs/yii/framework/web/filters/CFilterChain.php(133): EmpresaController->runAction()
#7 /opt/lampp/htdocs/yii/framework/web/filters/CFilter.php(41): CFilterChain->run()
#8 /opt/lampp/htdocs/yii/framework/web/CController.php(1122): CAccessControlFilter->filter()
#9 /opt/lampp/htdocs/yii/framework/web/filters/CInlineFilter.php(59): EmpresaController->filterAccessControl()
#10 /opt/lampp/htdocs/yii/framework/web/filters/CFilterChain.php(130): CInlineFilter->filter()
#11 /opt/lampp/htdocs/yii/framework/web/CController.php(283): CFilterChain->run()
#12 /opt/lampp/htdocs/yii/framework/web/CController.php(257): EmpresaController->runActionWithFilters()
#13 /opt/lampp/htdocs/yii/framework/web/CWebApplication.php(328): EmpresaController->run()
#14 /opt/lampp/htdocs/yii/framework/web/CWebApplication.php(121): CWebApplication->runController()
#15 /opt/lampp/htdocs/yii/framework/base/CApplication.php(155): CWebApplication->processRequest()
#16 /opt/lampp/htdocs/gescon/index.php(13): CWebApplication->run()
REQUEST_URI=/gescon/index.php/empresa/novo
in /opt/lampp/htdocs/gescon/protected/extensions/validadores/email.php (52)
in /opt/lampp/htdocs/gescon/protected/extensions/validadores/email.php (25)
in /opt/lampp/htdocs/gescon/protected/controllers/EmpresaController.php (78)
